TN:
SF:app.js
FN:57,heartbeat
FN:63,(anonymous_1)
FN:72,(anonymous_2)
FN:77,(anonymous_3)
FN:81,(anonymous_4)
FN:302,(anonymous_5)
FN:320,(anonymous_6)
FN:348,(anonymous_7)
FN:367,handleTimerMessage
FN:372,(anonymous_9)
FN:392,(anonymous_10)
FN:417,(anonymous_11)
FN:464,broadcastUserList
FN:465,(anonymous_13)
FN:477,(anonymous_14)
FN:485,broadcastMessage
FN:496,(anonymous_16)
FN:507,generateUserId
FN:512,(anonymous_18)
FN:513,(anonymous_19)
FN:522,(anonymous_20)
FN:533,(anonymous_21)
FN:536,(anonymous_22)
FN:539,(anonymous_23)
FN:542,(anonymous_24)
FN:547,(anonymous_25)
FN:550,(anonymous_26)
FN:553,(anonymous_27)
FN:560,(anonymous_28)
FN:588,(anonymous_29)
FN:593,(anonymous_30)
FN:598,(anonymous_31)
FN:599,(anonymous_32)
FN:610,(anonymous_33)
FN:614,(anonymous_34)
FNF:35
FNH:0
FNDA:0,heartbeat
FNDA:0,(anonymous_1)
FNDA:0,(anonymous_2)
FNDA:0,(anonymous_3)
FNDA:0,(anonymous_4)
FNDA:0,(anonymous_5)
FNDA:0,(anonymous_6)
FNDA:0,(anonymous_7)
FNDA:0,handleTimerMessage
FNDA:0,(anonymous_9)
FNDA:0,(anonymous_10)
FNDA:0,(anonymous_11)
FNDA:0,broadcastUserList
FNDA:0,(anonymous_13)
FNDA:0,(anonymous_14)
FNDA:0,broadcastMessage
FNDA:0,(anonymous_16)
FNDA:0,generateUserId
FNDA:0,(anonymous_18)
FNDA:0,(anonymous_19)
FNDA:0,(anonymous_20)
FNDA:0,(anonymous_21)
FNDA:0,(anonymous_22)
FNDA:0,(anonymous_23)
FNDA:0,(anonymous_24)
FNDA:0,(anonymous_25)
FNDA:0,(anonymous_26)
FNDA:0,(anonymous_27)
FNDA:0,(anonymous_28)
FNDA:0,(anonymous_29)
FNDA:0,(anonymous_30)
FNDA:0,(anonymous_31)
FNDA:0,(anonymous_32)
FNDA:0,(anonymous_33)
FNDA:0,(anonymous_34)
DA:2,2
DA:3,2
DA:4,2
DA:5,2
DA:6,2
DA:7,2
DA:8,2
DA:9,2
DA:10,2
DA:11,2
DA:12,2
DA:13,2
DA:14,2
DA:16,2
DA:17,2
DA:20,2
DA:43,2
DA:44,2
DA:45,2
DA:46,2
DA:47,2
DA:50,2
DA:51,2
DA:58,0
DA:59,0
DA:63,2
DA:64,0
DA:65,0
DA:68,0
DA:69,0
DA:72,0
DA:73,0
DA:77,0
DA:79,0
DA:80,0
DA:81,0
DA:82,0
DA:83,0
DA:87,0
DA:90,0
DA:91,0
DA:92,0
DA:99,0
DA:100,0
DA:103,0
DA:105,0
DA:106,0
DA:107,0
DA:108,0
DA:109,0
DA:110,0
DA:113,0
DA:114,0
DA:115,0
DA:116,0
DA:119,0
DA:120,0
DA:121,0
DA:129,0
DA:131,0
DA:134,0
DA:135,0
DA:136,0
DA:139,0
DA:144,0
DA:145,0
DA:146,0
DA:148,0
DA:152,0
DA:153,0
DA:157,0
DA:161,0
DA:162,0
DA:166,0
DA:170,0
DA:172,0
DA:173,0
DA:187,0
DA:188,0
DA:189,0
DA:191,0
DA:205,0
DA:206,0
DA:210,0
DA:211,0
DA:215,0
DA:219,0
DA:220,0
DA:224,0
DA:228,0
DA:229,0
DA:233,0
DA:237,0
DA:239,0
DA:240,0
DA:241,0
DA:242,0
DA:259,0
DA:260,0
DA:262,0
DA:263,0
DA:266,0
DA:267,0
DA:269,0
DA:270,0
DA:272,0
DA:273,0
DA:276,0
DA:277,0
DA:280,0
DA:282,0
DA:284,0
DA:289,0
DA:293,0
DA:294,0
DA:295,0
DA:300,0
DA:301,0
DA:302,0
DA:304,0
DA:305,0
DA:306,0
DA:307,0
DA:315,0
DA:319,0
DA:320,0
DA:321,0
DA:322,0
DA:331,0
DA:335,0
DA:336,0
DA:339,0
DA:340,0
DA:348,0
DA:349,0
DA:351,0
DA:352,0
DA:353,0
DA:354,0
DA:356,0
DA:357,0
DA:362,0
DA:368,0
DA:369,0
DA:372,0
DA:373,0
DA:374,0
DA:377,0
DA:380,0
DA:381,0
DA:382,0
DA:383,0
DA:386,0
DA:387,0
DA:388,0
DA:392,0
DA:393,0
DA:394,0
DA:395,0
DA:397,0
DA:398,0
DA:399,0
DA:401,0
DA:405,0
DA:406,0
DA:409,0
DA:410,0
DA:411,0
DA:413,0
DA:416,0
DA:417,0
DA:418,0
DA:419,0
DA:420,0
DA:422,0
DA:423,0
DA:424,0
DA:425,0
DA:430,0
DA:431,0
DA:433,0
DA:437,0
DA:438,0
DA:441,0
DA:442,0
DA:443,0
DA:444,0
DA:448,0
DA:449,0
DA:452,0
DA:453,0
DA:454,0
DA:455,0
DA:456,0
DA:459,0
DA:465,0
DA:472,0
DA:477,0
DA:478,0
DA:479,0
DA:486,0
DA:487,0
DA:495,0
DA:496,0
DA:497,0
DA:498,0
DA:499,0
DA:503,0
DA:508,0
DA:512,2
DA:513,0
DA:514,0
DA:515,0
DA:517,0
DA:518,0
DA:522,2
DA:523,0
DA:526,2
DA:527,2
DA:530,2
DA:533,2
DA:534,0
DA:536,2
DA:537,0
DA:539,2
DA:540,0
DA:542,2
DA:543,0
DA:547,2
DA:548,0
DA:550,2
DA:551,0
DA:553,2
DA:554,0
DA:557,2
DA:560,2
DA:561,0
DA:564,2
DA:567,2
DA:570,2
DA:573,2
DA:576,2
DA:579,2
DA:582,2
DA:585,2
DA:588,2
DA:589,0
DA:593,2
DA:594,0
DA:598,2
DA:599,2
DA:600,0
DA:601,0
DA:603,2
DA:608,2
DA:609,2
DA:610,0
DA:613,2
DA:614,0
DA:615,0
DA:619,2
LF:261
LH:55
BRDA:14,0,0,2
BRDA:14,0,1,2
BRDA:79,1,0,0
BRDA:79,1,1,0
BRDA:80,2,0,0
BRDA:80,2,1,0
BRDA:80,3,0,0
BRDA:80,3,1,0
BRDA:80,3,2,0
BRDA:82,4,0,0
BRDA:82,4,1,0
BRDA:82,5,0,0
BRDA:82,5,1,0
BRDA:94,6,0,0
BRDA:94,6,1,0
BRDA:95,7,0,0
BRDA:95,7,1,0
BRDA:99,8,0,0
BRDA:99,8,1,0
BRDA:103,9,0,0
BRDA:103,9,1,0
BRDA:103,9,2,0
BRDA:103,9,3,0
BRDA:103,9,4,0
BRDA:103,9,5,0
BRDA:106,10,0,0
BRDA:106,10,1,0
BRDA:108,11,0,0
BRDA:108,11,1,0
BRDA:114,12,0,0
BRDA:114,12,1,0
BRDA:114,13,0,0
BRDA:114,13,1,0
BRDA:119,14,0,0
BRDA:119,14,1,0
BRDA:135,15,0,0
BRDA:135,15,1,0
BRDA:135,16,0,0
BRDA:135,16,1,0
BRDA:152,17,0,0
BRDA:152,17,1,0
BRDA:161,18,0,0
BRDA:161,18,1,0
BRDA:161,19,0,0
BRDA:161,19,1,0
BRDA:161,19,2,0
BRDA:172,20,0,0
BRDA:172,20,1,0
BRDA:188,21,0,0
BRDA:188,21,1,0
BRDA:210,22,0,0
BRDA:210,22,1,0
BRDA:219,23,0,0
BRDA:219,23,1,0
BRDA:219,24,0,0
BRDA:219,24,1,0
BRDA:219,24,2,0
BRDA:228,25,0,0
BRDA:228,25,1,0
BRDA:240,26,0,0
BRDA:240,26,1,0
BRDA:241,27,0,0
BRDA:241,27,1,0
BRDA:259,28,0,0
BRDA:259,28,1,0
BRDA:262,29,0,0
BRDA:262,29,1,0
BRDA:269,30,0,0
BRDA:269,30,1,0
BRDA:272,31,0,0
BRDA:272,31,1,0
BRDA:293,32,0,0
BRDA:293,32,1,0
BRDA:294,33,0,0
BRDA:294,33,1,0
BRDA:300,34,0,0
BRDA:300,34,1,0
BRDA:300,35,0,0
BRDA:300,35,1,0
BRDA:304,36,0,0
BRDA:304,36,1,0
BRDA:306,37,0,0
BRDA:306,37,1,0
BRDA:306,38,0,0
BRDA:306,38,1,0
BRDA:319,39,0,0
BRDA:319,39,1,0
BRDA:319,40,0,0
BRDA:319,40,1,0
BRDA:321,41,0,0
BRDA:321,41,1,0
BRDA:321,42,0,0
BRDA:321,42,1,0
BRDA:349,43,0,0
BRDA:349,43,1,0
BRDA:351,44,0,0
BRDA:351,44,1,0
BRDA:351,45,0,0
BRDA:351,45,1,0
BRDA:354,46,0,0
BRDA:354,46,1,0
BRDA:362,47,0,0
BRDA:362,47,1,0
BRDA:374,48,0,0
BRDA:374,48,1,0
BRDA:374,49,0,0
BRDA:374,49,1,0
BRDA:377,50,0,0
BRDA:377,50,1,0
BRDA:377,50,2,0
BRDA:377,50,3,0
BRDA:377,50,4,0
BRDA:377,50,5,0
BRDA:380,51,0,0
BRDA:380,51,1,0
BRDA:380,52,0,0
BRDA:380,52,1,0
BRDA:381,53,0,0
BRDA:381,53,1,0
BRDA:388,54,0,0
BRDA:388,54,1,0
BRDA:394,55,0,0
BRDA:394,55,1,0
BRDA:409,56,0,0
BRDA:409,56,1,0
BRDA:409,57,0,0
BRDA:409,57,1,0
BRDA:416,58,0,0
BRDA:416,58,1,0
BRDA:416,59,0,0
BRDA:416,59,1,0
BRDA:416,59,2,0
BRDA:419,60,0,0
BRDA:419,60,1,0
BRDA:430,61,0,0
BRDA:430,61,1,0
BRDA:437,62,0,0
BRDA:437,62,1,0
BRDA:437,63,0,0
BRDA:437,63,1,0
BRDA:441,64,0,0
BRDA:441,64,1,0
BRDA:441,65,0,0
BRDA:441,65,1,0
BRDA:448,66,0,0
BRDA:448,66,1,0
BRDA:448,67,0,0
BRDA:448,67,1,0
BRDA:478,68,0,0
BRDA:478,68,1,0
BRDA:497,69,0,0
BRDA:497,69,1,0
BRDA:514,70,0,0
BRDA:514,70,1,0
BRDA:608,71,0,2
BRDA:608,71,1,2
BRDA:609,72,0,0
BRDA:609,72,1,2
BRDA:613,73,0,0
BRDA:613,73,1,2
BRF:160
BRH:6
end_of_record
TN:
SF:controllers\adminController.js
FN:5,getSystemOverview
FN:14,(anonymous_1)
FN:19,(anonymous_2)
FN:20,(anonymous_3)
FN:24,(anonymous_4)
FN:26,(anonymous_5)
FN:41,getUserList
FN:48,(anonymous_7)
FN:56,(anonymous_8)
FN:77,updateUser
FN:81,(anonymous_10)
FN:98,deleteUser
FN:101,(anonymous_12)
FN:117,getRoomList
FN:124,(anonymous_14)
FN:145,updateRoom
FN:149,(anonymous_16)
FN:165,deleteRoom
FN:168,(anonymous_18)
FN:179,getSystemLogs
FN:188,logSystemAction
FN:193,getFileManagement
FN:200,(anonymous_22)
FN:205,(anonymous_23)
FN:214,cleanupFiles
FN:223,(anonymous_25)
FN:232,(anonymous_26)
FNF:27
FNH:0
FNDA:0,getSystemOverview
FNDA:0,(anonymous_1)
FNDA:0,(anonymous_2)
FNDA:0,(anonymous_3)
FNDA:0,(anonymous_4)
FNDA:0,(anonymous_5)
FNDA:0,getUserList
FNDA:0,(anonymous_7)
FNDA:0,(anonymous_8)
FNDA:0,updateUser
FNDA:0,(anonymous_10)
FNDA:0,deleteUser
FNDA:0,(anonymous_12)
FNDA:0,getRoomList
FNDA:0,(anonymous_14)
FNDA:0,updateRoom
FNDA:0,(anonymous_16)
FNDA:0,deleteRoom
FNDA:0,(anonymous_18)
FNDA:0,getSystemLogs
FNDA:0,logSystemAction
FNDA:0,getFileManagement
FNDA:0,(anonymous_22)
FNDA:0,(anonymous_23)
FNDA:0,cleanupFiles
FNDA:0,(anonymous_25)
FNDA:0,(anonymous_26)
DA:1,2
DA:2,2
DA:6,0
DA:7,0
DA:8,0
DA:10,0
DA:14,0
DA:19,0
DA:20,0
DA:25,0
DA:27,0
DA:37,0
DA:42,0
DA:44,0
DA:47,0
DA:48,0
DA:49,0
DA:55,0
DA:56,0
DA:60,0
DA:61,0
DA:62,0
DA:64,0
DA:78,0
DA:79,0
DA:81,0
DA:82,0
DA:83,0
DA:87,0
DA:88,0
DA:89,0
DA:90,0
DA:92,0
DA:94,0
DA:99,0
DA:101,0
DA:102,0
DA:103,0
DA:107,0
DA:108,0
DA:111,0
DA:113,0
DA:118,0
DA:120,0
DA:123,0
DA:124,0
DA:128,0
DA:129,0
DA:130,0
DA:132,0
DA:146,0
DA:147,0
DA:149,0
DA:150,0
DA:151,0
DA:155,0
DA:156,0
DA:157,0
DA:159,0
DA:161,0
DA:166,0
DA:168,0
DA:169,0
DA:170,0
DA:173,0
DA:175,0
DA:180,0
DA:182,0
DA:184,0
DA:189,0
DA:194,0
DA:195,0
DA:197,0
DA:200,0
DA:205,0
DA:210,0
DA:215,0
DA:216,0
DA:218,0
DA:221,0
DA:222,0
DA:223,0
DA:224,0
DA:226,0
DA:230,0
DA:231,0
DA:232,0
DA:233,0
DA:235,0
DA:238,0
DA:245,2
LF:91
LH:3
BRDA:6,0,0,0
BRDA:6,0,1,0
BRDA:7,1,0,0
BRDA:7,1,1,0
BRDA:8,2,0,0
BRDA:8,2,1,0
BRDA:14,3,0,0
BRDA:14,3,1,0
BRDA:42,4,0,0
BRDA:42,5,0,0
BRDA:42,6,0,0
BRDA:42,7,0,0
BRDA:44,8,0,0
BRDA:44,8,1,0
BRDA:47,9,0,0
BRDA:47,9,1,0
BRDA:49,10,0,0
BRDA:49,10,1,0
BRDA:55,11,0,0
BRDA:55,11,1,0
BRDA:82,12,0,0
BRDA:82,12,1,0
BRDA:87,13,0,0
BRDA:87,13,1,0
BRDA:88,14,0,0
BRDA:88,14,1,0
BRDA:89,15,0,0
BRDA:89,15,1,0
BRDA:90,16,0,0
BRDA:90,16,1,0
BRDA:102,17,0,0
BRDA:102,17,1,0
BRDA:107,18,0,0
BRDA:107,18,1,0
BRDA:118,19,0,0
BRDA:118,20,0,0
BRDA:118,21,0,0
BRDA:120,22,0,0
BRDA:120,22,1,0
BRDA:123,23,0,0
BRDA:123,23,1,0
BRDA:150,24,0,0
BRDA:150,24,1,0
BRDA:155,25,0,0
BRDA:155,25,1,0
BRDA:156,26,0,0
BRDA:156,26,1,0
BRDA:157,27,0,0
BRDA:157,27,1,0
BRDA:169,28,0,0
BRDA:169,28,1,0
BRDA:180,29,0,0
BRDA:180,30,0,0
BRDA:194,31,0,0
BRDA:194,31,1,0
BRDA:195,32,0,0
BRDA:195,32,1,0
BRDA:200,33,0,0
BRDA:200,33,1,0
BRDA:205,34,0,0
BRDA:205,34,1,0
BRDA:215,35,0,0
BRDA:221,36,0,0
BRDA:221,36,1,0
BRDA:230,37,0,0
BRDA:230,37,1,0
BRF:66
BRH:0
end_of_record
TN:
SF:controllers\audioController.js
FN:8,uploadRecording
FN:34,controlRecording
FN:58,getRecordings
FN:72,deleteRecording
FNF:4
FNH:0
FNDA:0,uploadRecording
FNDA:0,controlRecording
FNDA:0,getRecordings
FNDA:0,deleteRecording
DA:2,2
DA:9,0
DA:10,0
DA:11,0
DA:13,0
DA:21,0
DA:26,0
DA:35,0
DA:36,0
DA:37,0
DA:39,0
DA:45,0
DA:50,0
DA:59,0
DA:60,0
DA:61,0
DA:62,0
DA:64,0
DA:73,0
DA:74,0
DA:75,0
DA:77,0
DA:80,0
DA:81,0
DA:84,0
DA:85,0
DA:87,0
DA:91,2
LF:28
LH:2
BRDA:80,0,0,0
BRDA:80,0,1,0
BRDA:80,1,0,0
BRDA:80,1,1,0
BRF:4
BRH:0
end_of_record
TN:
SF:controllers\authController.js
FN:9,register
FN:56,login
FN:95,forgotPassword
FN:113,resetPassword
FNF:4
FNH:0
FNDA:0,register
FNDA:0,login
FNDA:0,forgotPassword
FNDA:0,resetPassword
DA:2,2
DA:3,2
DA:4,2
DA:5,2
DA:6,2
DA:10,0
DA:11,0
DA:14,0
DA:15,0
DA:19,0
DA:20,0
DA:21,0
DA:25,0
DA:26,0
DA:27,0
DA:31,0
DA:32,0
DA:39,0
DA:41,0
DA:51,0
DA:57,0
DA:58,0
DA:61,0
DA:62,0
DA:66,0
DA:67,0
DA:68,0
DA:72,0
DA:73,0
DA:74,0
DA:78,0
DA:80,0
DA:90,0
DA:96,0
DA:97,0
DA:98,0
DA:99,0
DA:100,0
DA:103,0
DA:105,0
DA:106,0
DA:108,0
DA:114,0
DA:115,0
DA:116,0
DA:117,0
DA:118,0
DA:119,0
DA:121,0
DA:122,0
DA:123,0
DA:125,0
DA:129,2
LF:53
LH:6
BRDA:6,0,0,2
BRDA:6,0,1,2
BRDA:14,1,0,0
BRDA:14,1,1,0
BRDA:14,2,0,0
BRDA:14,2,1,0
BRDA:14,2,2,0
BRDA:20,3,0,0
BRDA:20,3,1,0
BRDA:26,4,0,0
BRDA:26,4,1,0
BRDA:61,5,0,0
BRDA:61,5,1,0
BRDA:61,6,0,0
BRDA:61,6,1,0
BRDA:67,7,0,0
BRDA:67,7,1,0
BRDA:73,8,0,0
BRDA:73,8,1,0
BRDA:99,9,0,0
BRDA:99,9,1,0
BRDA:118,10,0,0
BRDA:118,10,1,0
BRF:23
BRH:2
end_of_record
TN:
SF:controllers\emojiController.js
FN:42,getEmojiList
FN:46,(anonymous_1)
FN:54,getEmojiCategories
FN:55,(anonymous_3)
FN:60,processEmojiMessage
FN:68,(anonymous_5)
FN:78,getEmojiStats
FN:84,(anonymous_7)
FN:86,(anonymous_8)
FN:97,(anonymous_9)
FN:98,(anonymous_10)
FN:106,(anonymous_11)
FNF:12
FNH:0
FNDA:0,getEmojiList
FNDA:0,(anonymous_1)
FNDA:0,getEmojiCategories
FNDA:0,(anonymous_3)
FNDA:0,processEmojiMessage
FNDA:0,(anonymous_5)
FNDA:0,getEmojiStats
FNDA:0,(anonymous_7)
FNDA:0,(anonymous_8)
FNDA:0,(anonymous_9)
FNDA:0,(anonymous_10)
FNDA:0,(anonymous_11)
DA:1,2
DA:4,2
DA:43,0
DA:45,0
DA:46,0
DA:47,0
DA:49,0
DA:55,0
DA:56,0
DA:62,0
DA:63,0
DA:66,0
DA:67,0
DA:68,0
DA:69,0
DA:70,0
DA:74,0
DA:79,0
DA:80,0
DA:82,0
DA:84,0
DA:85,0
DA:86,0
DA:87,0
DA:88,0
DA:89,0
DA:96,0
DA:98,0
DA:99,0
DA:106,0
DA:109,0
DA:112,2
LF:32
LH:3
BRDA:45,0,0,0
BRDA:45,0,1,0
BRDA:69,1,0,0
BRDA:69,1,1,0
BRDA:80,2,0,0
BRDA:80,2,1,0
BRDA:85,3,0,0
BRDA:85,3,1,0
BRDA:87,4,0,0
BRDA:87,4,1,0
BRDA:88,5,0,0
BRDA:88,5,1,0
BRDA:89,6,0,0
BRDA:89,6,1,0
BRF:14
BRH:0
end_of_record
TN:
SF:controllers\imageController.js
FN:11,uploadImage
FN:30,getImage
FN:40,downloadImage
FNF:3
FNH:0
FNDA:0,uploadImage
FNDA:0,getImage
FNDA:0,downloadImage
DA:1,2
DA:2,2
DA:3,2
DA:5,2
DA:6,2
DA:7,0
DA:12,0
DA:13,0
DA:16,0
DA:25,0
DA:26,0
DA:31,0
DA:32,0
DA:33,0
DA:34,0
DA:35,0
DA:36,0
DA:41,0
DA:42,0
DA:43,0
DA:44,0
DA:45,0
DA:46,0
DA:49,2
LF:24
LH:6
BRDA:6,0,0,0
BRDA:6,0,1,2
BRDA:12,1,0,0
BRDA:12,1,1,0
BRDA:33,2,0,0
BRDA:33,2,1,0
BRDA:35,3,0,0
BRDA:35,3,1,0
BRDA:43,4,0,0
BRDA:43,4,1,0
BRDA:45,5,0,0
BRDA:45,5,1,0
BRF:12
BRH:1
end_of_record
TN:
SF:controllers\messageController.js
FN:5,editMessage
FN:47,revokeMessage
FN:79,getMessageHistory
FN:87,(anonymous_3)
FN:107,getMessageLogs
FN:117,logMessageAction
FN:122,getMessageStats
FN:128,(anonymous_7)
FN:129,(anonymous_8)
FN:130,(anonymous_9)
FN:137,(anonymous_10)
FN:153,(anonymous_11)
FN:159,(anonymous_12)
FN:168,batchMessageAction
FNF:14
FNH:0
FNDA:0,editMessage
FNDA:0,revokeMessage
FNDA:0,getMessageHistory
FNDA:0,(anonymous_3)
FNDA:0,getMessageLogs
FNDA:0,logMessageAction
FNDA:0,getMessageStats
FNDA:0,(anonymous_7)
FNDA:0,(anonymous_8)
FNDA:0,(anonymous_9)
FNDA:0,(anonymous_10)
FNDA:0,(anonymous_11)
FNDA:0,(anonymous_12)
FNDA:0,batchMessageAction
DA:1,2
DA:2,2
DA:6,0
DA:7,0
DA:9,0
DA:10,0
DA:13,0
DA:14,0
DA:15,0
DA:19,0
DA:21,0
DA:25,0
DA:28,0
DA:29,0
DA:30,0
DA:31,0
DA:34,0
DA:43,0
DA:48,0
DA:50,0
DA:51,0
DA:52,0
DA:56,0
DA:58,0
DA:62,0
DA:63,0
DA:64,0
DA:67,0
DA:75,0
DA:80,0
DA:81,0
DA:83,0
DA:86,0
DA:87,0
DA:91,0
DA:92,0
DA:94,0
DA:108,0
DA:109,0
DA:111,0
DA:113,0
DA:118,0
DA:123,0
DA:124,0
DA:126,0
DA:128,0
DA:129,0
DA:130,0
DA:137,0
DA:138,0
DA:139,0
DA:141,0
DA:142,0
DA:143,0
DA:145,0
DA:147,0
DA:148,0
DA:153,0
DA:154,0
DA:155,0
DA:159,0
DA:160,0
DA:161,0
DA:164,0
DA:169,0
DA:171,0
DA:172,0
DA:175,0
DA:176,0
DA:179,0
DA:181,0
DA:182,0
DA:183,0
DA:184,0
DA:185,0
DA:186,0
DA:187,0
DA:188,0
DA:189,0
DA:190,0
DA:191,0
DA:194,0
DA:197,0
DA:205,0
DA:209,0
DA:212,2
LF:86
LH:3
BRDA:9,0,0,0
BRDA:9,0,1,0
BRDA:9,1,0,0
BRDA:9,1,1,0
BRDA:9,1,2,0
BRDA:14,2,0,0
BRDA:14,2,1,0
BRDA:19,3,0,0
BRDA:19,3,1,0
BRDA:19,4,0,0
BRDA:19,4,1,0
BRDA:37,5,0,0
BRDA:37,5,1,0
BRDA:51,6,0,0
BRDA:51,6,1,0
BRDA:56,7,0,0
BRDA:56,7,1,0
BRDA:56,8,0,0
BRDA:56,8,1,0
BRDA:81,9,0,0
BRDA:81,10,0,0
BRDA:81,11,0,0
BRDA:83,12,0,0
BRDA:83,12,1,0
BRDA:86,13,0,0
BRDA:86,13,1,0
BRDA:109,14,0,0
BRDA:124,15,0,0
BRDA:124,15,1,0
BRDA:138,16,0,0
BRDA:138,16,1,0
BRDA:142,17,0,0
BRDA:142,17,1,0
BRDA:147,18,0,0
BRDA:147,18,1,0
BRDA:155,19,0,0
BRDA:155,19,1,0
BRDA:161,20,0,0
BRDA:161,20,1,0
BRDA:171,21,0,0
BRDA:171,21,1,0
BRDA:175,22,0,0
BRDA:175,22,1,0
BRDA:175,23,0,0
BRDA:175,23,1,0
BRDA:183,24,0,0
BRDA:183,24,1,0
BRDA:184,25,0,0
BRDA:184,25,1,0
BRDA:188,26,0,0
BRDA:188,26,1,0
BRDA:198,27,0,0
BRDA:198,27,1,0
BRF:53
BRH:0
end_of_record
TN:
SF:controllers\roomController.js
FN:7,getRooms
FN:18,createRoom
FN:30,(anonymous_2)
FN:74,getRoom
FN:92,(anonymous_4)
FN:106,joinRoom
FN:116,(anonymous_6)
FN:143,deleteRoom
FN:153,(anonymous_8)
FN:168,updateRoom
FN:202,joinRoomByInviteCode
FN:214,(anonymous_11)
FN:241,leaveRoom
FN:251,(anonymous_13)
FN:261,(anonymous_14)
FN:276,updateParticipantRole
FN:287,(anonymous_16)
FN:291,(anonymous_17)
FN:307,startSchedule
FN:316,(anonymous_19)
FN:335,pauseSchedule
FN:344,(anonymous_21)
FN:358,resumeSchedule
FN:367,(anonymous_23)
FN:381,completeCurrentScheduleItem
FN:390,(anonymous_25)
FN:407,getMessages
FN:416,(anonymous_27)
FN:422,(anonymous_28)
FN:434,sendMessage
FN:445,(anonymous_30)
FN:470,editMessage
FN:491,(anonymous_32)
FN:517,deleteMessage
FN:536,(anonymous_34)
FN:559,startTimer
FN:587,pauseTimer
FN:614,resumeTimer
FN:641,getTimerStatus
FN:652,updateSchedule
FN:679,getSchedule
FN:690,startScheduleItem
FN:735,pauseScheduleItem
FN:775,resumeScheduleItem
FN:812,nextScheduleItem
FNF:45
FNH:0
FNDA:0,getRooms
FNDA:0,createRoom
FNDA:0,(anonymous_2)
FNDA:0,getRoom
FNDA:0,(anonymous_4)
FNDA:0,joinRoom
FNDA:0,(anonymous_6)
FNDA:0,deleteRoom
FNDA:0,(anonymous_8)
FNDA:0,updateRoom
FNDA:0,joinRoomByInviteCode
FNDA:0,(anonymous_11)
FNDA:0,leaveRoom
FNDA:0,(anonymous_13)
FNDA:0,(anonymous_14)
FNDA:0,updateParticipantRole
FNDA:0,(anonymous_16)
FNDA:0,(anonymous_17)
FNDA:0,startSchedule
FNDA:0,(anonymous_19)
FNDA:0,pauseSchedule
FNDA:0,(anonymous_21)
FNDA:0,resumeSchedule
FNDA:0,(anonymous_23)
FNDA:0,completeCurrentScheduleItem
FNDA:0,(anonymous_25)
FNDA:0,getMessages
FNDA:0,(anonymous_27)
FNDA:0,(anonymous_28)
FNDA:0,sendMessage
FNDA:0,(anonymous_30)
FNDA:0,editMessage
FNDA:0,(anonymous_32)
FNDA:0,deleteMessage
FNDA:0,(anonymous_34)
FNDA:0,startTimer
FNDA:0,pauseTimer
FNDA:0,resumeTimer
FNDA:0,getTimerStatus
FNDA:0,updateSchedule
FNDA:0,getSchedule
FNDA:0,startScheduleItem
FNDA:0,pauseScheduleItem
FNDA:0,resumeScheduleItem
FNDA:0,nextScheduleItem
DA:2,2
DA:3,2
DA:4,2
DA:8,0
DA:9,0
DA:10,0
DA:11,0
DA:13,0
DA:19,0
DA:20,0
DA:21,0
DA:23,0
DA:24,0
DA:28,0
DA:29,0
DA:30,0
DA:32,0
DA:33,0
DA:34,0
DA:35,0
DA:36,0
DA:37,0
DA:39,0
DA:42,0
DA:52,0
DA:67,0
DA:69,0
DA:75,0
DA:76,0
DA:77,0
DA:79,0
DA:80,0
DA:83,0
DA:84,0
DA:85,0
DA:89,0
DA:92,0
DA:99,0
DA:101,0
DA:107,0
DA:108,0
DA:109,0
DA:110,0
DA:113,0
DA:116,0
DA:117,0
DA:121,0
DA:122,0
DA:126,0
DA:131,0
DA:134,0
DA:136,0
DA:138,0
DA:144,0
DA:145,0
DA:146,0
DA:147,0
DA:151,0
DA:152,0
DA:153,0
DA:156,0
DA:157,0
DA:160,0
DA:161,0
DA:163,0
DA:169,0
DA:170,0
DA:171,0
DA:172,0
DA:174,0
DA:175,0
DA:178,0
DA:179,0
DA:180,0
DA:184,0
DA:185,0
DA:189,0
DA:195,0
DA:197,0
DA:203,0
DA:204,0
DA:206,0
DA:207,0
DA:208,0
DA:211,0
DA:214,0
DA:215,0
DA:219,0
DA:220,0
DA:224,0
DA:229,0
DA:232,0
DA:234,0
DA:236,0
DA:242,0
DA:243,0
DA:244,0
DA:245,0
DA:248,0
DA:251,0
DA:254,0
DA:255,0
DA:256,0
DA:260,0
DA:261,0
DA:262,0
DA:263,0
DA:264,0
DA:268,0
DA:269,0
DA:271,0
DA:277,0
DA:278,0
DA:280,0
DA:281,0
DA:282,0
DA:286,0
DA:287,0
DA:288,0
DA:291,0
DA:293,0
DA:294,0
DA:297,0
DA:298,0
DA:300,0
DA:302,0
DA:308,0
DA:309,0
DA:310,0
DA:311,0
DA:315,0
DA:316,0
DA:317,0
DA:320,0
DA:321,0
DA:324,0
DA:325,0
DA:326,0
DA:328,0
DA:330,0
DA:336,0
DA:337,0
DA:338,0
DA:339,0
DA:343,0
DA:344,0
DA:345,0
DA:348,0
DA:349,0
DA:351,0
DA:353,0
DA:359,0
DA:360,0
DA:361,0
DA:362,0
DA:366,0
DA:367,0
DA:368,0
DA:371,0
DA:372,0
DA:374,0
DA:376,0
DA:382,0
DA:383,0
DA:384,0
DA:385,0
DA:389,0
DA:390,0
DA:391,0
DA:394,0
DA:395,0
DA:396,0
DA:399,0
DA:400,0
DA:402,0
DA:408,0
DA:409,0
DA:410,0
DA:411,0
DA:415,0
DA:416,0
DA:417,0
DA:420,0
DA:421,0
DA:422,0
DA:427,0
DA:429,0
DA:435,0
DA:436,0
DA:438,0
DA:439,0
DA:440,0
DA:444,0
DA:445,0
DA:446,0
DA:449,0
DA:459,0
DA:460,0
DA:465,0
DA:471,0
DA:472,0
DA:474,0
DA:475,0
DA:476,0
DA:479,0
DA:480,0
DA:481,0
DA:485,0
DA:486,0
DA:487,0
DA:490,0
DA:491,0
DA:492,0
DA:495,0
DA:497,0
DA:498,0
DA:502,0
DA:503,0
DA:506,0
DA:507,0
DA:508,0
DA:510,0
DA:512,0
DA:518,0
DA:519,0
DA:520,0
DA:521,0
DA:524,0
DA:525,0
DA:526,0
DA:530,0
DA:531,0
DA:532,0
DA:535,0
DA:536,0
DA:537,0
DA:540,0
DA:542,0
DA:543,0
DA:547,0
DA:548,0
DA:551,0
DA:552,0
DA:554,0
DA:560,0
DA:561,0
DA:562,0
DA:563,0
DA:565,0
DA:566,0
DA:569,0
DA:570,0
DA:571,0
DA:575,0
DA:576,0
DA:579,0
DA:580,0
DA:581,0
DA:583,0
DA:588,0
DA:589,0
DA:590,0
DA:592,0
DA:593,0
DA:596,0
DA:597,0
DA:598,0
DA:602,0
DA:603,0
DA:606,0
DA:607,0
DA:608,0
DA:610,0
DA:615,0
DA:616,0
DA:617,0
DA:619,0
DA:620,0
DA:623,0
DA:624,0
DA:625,0
DA:629,0
DA:630,0
DA:633,0
DA:634,0
DA:635,0
DA:637,0
DA:642,0
DA:643,0
DA:644,0
DA:645,0
DA:647,0
DA:653,0
DA:654,0
DA:655,0
DA:656,0
DA:658,0
DA:659,0
DA:662,0
DA:663,0
DA:664,0
DA:668,0
DA:669,0
DA:672,0
DA:673,0
DA:675,0
DA:680,0
DA:681,0
DA:682,0
DA:683,0
DA:685,0
DA:691,0
DA:692,0
DA:693,0
DA:694,0
DA:696,0
DA:697,0
DA:700,0
DA:701,0
DA:702,0
DA:706,0
DA:707,0
DA:711,0
DA:712,0
DA:715,0
DA:716,0
DA:717,0
DA:721,0
DA:722,0
DA:723,0
DA:724,0
DA:726,0
DA:728,0
DA:730,0
DA:736,0
DA:737,0
DA:738,0
DA:740,0
DA:741,0
DA:744,0
DA:745,0
DA:746,0
DA:750,0
DA:751,0
DA:755,0
DA:756,0
DA:760,0
DA:761,0
DA:764,0
DA:766,0
DA:768,0
DA:770,0
DA:776,0
DA:777,0
DA:778,0
DA:780,0
DA:781,0
DA:784,0
DA:785,0
DA:786,0
DA:790,0
DA:791,0
DA:795,0
DA:796,0
DA:800,0
DA:801,0
DA:803,0
DA:805,0
DA:807,0
DA:813,0
DA:814,0
DA:815,0
DA:817,0
DA:818,0
DA:821,0
DA:822,0
DA:823,0
DA:827,0
DA:828,0
DA:832,0
DA:833,0
DA:837,0
DA:838,0
DA:842,0
DA:844,0
DA:845,0
DA:846,0
DA:848,0
DA:849,0
DA:850,0
DA:851,0
DA:854,0
DA:856,0
DA:858,0
DA:862,2
LF:395
LH:4
BRDA:23,0,0,0
BRDA:23,0,1,0
BRDA:29,1,0,0
BRDA:29,1,1,0
BRDA:29,2,0,0
BRDA:29,2,1,0
BRDA:33,3,0,0
BRDA:33,3,1,0
BRDA:33,4,0,0
BRDA:33,4,1,0
BRDA:34,5,0,0
BRDA:34,5,1,0
BRDA:35,6,0,0
BRDA:35,6,1,0
BRDA:36,7,0,0
BRDA:36,7,1,0
BRDA:39,8,0,0
BRDA:39,8,1,0
BRDA:43,9,0,0
BRDA:43,9,1,0
BRDA:44,10,0,0
BRDA:44,10,1,0
BRDA:46,11,0,0
BRDA:46,11,1,0
BRDA:55,12,0,0
BRDA:55,12,1,0
BRDA:56,13,0,0
BRDA:56,13,1,0
BRDA:64,14,0,0
BRDA:64,14,1,0
BRDA:79,15,0,0
BRDA:79,15,1,0
BRDA:84,16,0,0
BRDA:84,16,1,0
BRDA:109,17,0,0
BRDA:109,17,1,0
BRDA:116,18,0,0
BRDA:116,18,1,0
BRDA:121,19,0,0
BRDA:121,19,1,0
BRDA:146,20,0,0
BRDA:146,20,1,0
BRDA:153,21,0,0
BRDA:153,21,1,0
BRDA:156,22,0,0
BRDA:156,22,1,0
BRDA:156,23,0,0
BRDA:156,23,1,0
BRDA:156,23,2,0
BRDA:174,24,0,0
BRDA:174,24,1,0
BRDA:179,25,0,0
BRDA:179,25,1,0
BRDA:184,26,0,0
BRDA:184,26,1,0
BRDA:184,27,0,0
BRDA:184,27,1,0
BRDA:207,28,0,0
BRDA:207,28,1,0
BRDA:214,29,0,0
BRDA:214,29,1,0
BRDA:219,30,0,0
BRDA:219,30,1,0
BRDA:244,31,0,0
BRDA:244,31,1,0
BRDA:254,32,0,0
BRDA:254,32,1,0
BRDA:260,33,0,0
BRDA:260,33,1,0
BRDA:262,34,0,0
BRDA:262,34,1,0
BRDA:281,35,0,0
BRDA:281,35,1,0
BRDA:287,36,0,0
BRDA:287,36,1,0
BRDA:287,37,0,0
BRDA:287,37,1,0
BRDA:293,38,0,0
BRDA:293,38,1,0
BRDA:310,39,0,0
BRDA:310,39,1,0
BRDA:316,40,0,0
BRDA:316,40,1,0
BRDA:316,41,0,0
BRDA:316,41,1,0
BRDA:320,42,0,0
BRDA:320,42,1,0
BRDA:338,43,0,0
BRDA:338,43,1,0
BRDA:344,44,0,0
BRDA:344,44,1,0
BRDA:344,45,0,0
BRDA:344,45,1,0
BRDA:361,46,0,0
BRDA:361,46,1,0
BRDA:367,47,0,0
BRDA:367,47,1,0
BRDA:367,48,0,0
BRDA:367,48,1,0
BRDA:384,49,0,0
BRDA:384,49,1,0
BRDA:390,50,0,0
BRDA:390,50,1,0
BRDA:390,51,0,0
BRDA:390,51,1,0
BRDA:394,52,0,0
BRDA:394,52,1,0
BRDA:394,53,0,0
BRDA:394,53,1,0
BRDA:410,54,0,0
BRDA:410,54,1,0
BRDA:416,55,0,0
BRDA:416,55,1,0
BRDA:424,56,0,0
BRDA:424,56,1,0
BRDA:439,57,0,0
BRDA:439,57,1,0
BRDA:445,58,0,0
BRDA:445,58,1,0
BRDA:475,59,0,0
BRDA:475,59,1,0
BRDA:480,60,0,0
BRDA:480,60,1,0
BRDA:486,61,0,0
BRDA:486,61,1,0
BRDA:491,62,0,0
BRDA:491,62,1,0
BRDA:495,63,0,0
BRDA:495,63,1,0
BRDA:495,64,0,0
BRDA:495,64,1,0
BRDA:497,65,0,0
BRDA:497,65,1,0
BRDA:497,66,0,0
BRDA:497,66,1,0
BRDA:497,66,2,0
BRDA:502,67,0,0
BRDA:502,67,1,0
BRDA:520,68,0,0
BRDA:520,68,1,0
BRDA:525,69,0,0
BRDA:525,69,1,0
BRDA:531,70,0,0
BRDA:531,70,1,0
BRDA:536,71,0,0
BRDA:536,71,1,0
BRDA:540,72,0,0
BRDA:540,72,1,0
BRDA:540,73,0,0
BRDA:540,73,1,0
BRDA:542,74,0,0
BRDA:542,74,1,0
BRDA:542,75,0,0
BRDA:542,75,1,0
BRDA:542,75,2,0
BRDA:547,76,0,0
BRDA:547,76,1,0
BRDA:565,77,0,0
BRDA:565,77,1,0
BRDA:570,78,0,0
BRDA:570,78,1,0
BRDA:575,79,0,0
BRDA:575,79,1,0
BRDA:592,80,0,0
BRDA:592,80,1,0
BRDA:597,81,0,0
BRDA:597,81,1,0
BRDA:602,82,0,0
BRDA:602,82,1,0
BRDA:619,83,0,0
BRDA:619,83,1,0
BRDA:624,84,0,0
BRDA:624,84,1,0
BRDA:629,85,0,0
BRDA:629,85,1,0
BRDA:658,86,0,0
BRDA:658,86,1,0
BRDA:663,87,0,0
BRDA:663,87,1,0
BRDA:668,88,0,0
BRDA:668,88,1,0
BRDA:668,89,0,0
BRDA:668,89,1,0
BRDA:696,90,0,0
BRDA:696,90,1,0
BRDA:701,91,0,0
BRDA:701,91,1,0
BRDA:706,92,0,0
BRDA:706,92,1,0
BRDA:711,93,0,0
BRDA:711,93,1,0
BRDA:711,94,0,0
BRDA:711,94,1,0
BRDA:715,95,0,0
BRDA:715,95,1,0
BRDA:716,96,0,0
BRDA:716,96,1,0
BRDA:716,97,0,0
BRDA:716,97,1,0
BRDA:740,98,0,0
BRDA:740,98,1,0
BRDA:745,99,0,0
BRDA:745,99,1,0
BRDA:750,100,0,0
BRDA:750,100,1,0
BRDA:755,101,0,0
BRDA:755,101,1,0
BRDA:755,102,0,0
BRDA:755,102,1,0
BRDA:780,103,0,0
BRDA:780,103,1,0
BRDA:785,104,0,0
BRDA:785,104,1,0
BRDA:790,105,0,0
BRDA:790,105,1,0
BRDA:795,106,0,0
BRDA:795,106,1,0
BRDA:795,107,0,0
BRDA:795,107,1,0
BRDA:817,108,0,0
BRDA:817,108,1,0
BRDA:822,109,0,0
BRDA:822,109,1,0
BRDA:827,110,0,0
BRDA:827,110,1,0
BRDA:832,111,0,0
BRDA:832,111,1,0
BRDA:832,112,0,0
BRDA:832,112,1,0
BRDA:837,113,0,0
BRDA:837,113,1,0
BRDA:842,114,0,0
BRDA:842,114,1,0
BRDA:844,115,0,0
BRDA:844,115,1,0
BRF:235
BRH:0
end_of_record
TN:
SF:controllers\scoreController.js
FN:8,submitScore
FN:29,getAggregatedScores
FN:43,getUserScoreHistory
FN:58,getRanking
FN:72,computeAIScore
FNF:5
FNH:5
FNDA:1,submitScore
FNDA:1,getAggregatedScores
FNDA:1,getUserScoreHistory
FNDA:1,getRanking
FNDA:1,computeAIScore
DA:2,2
DA:9,1
DA:10,1
DA:11,1
DA:12,1
DA:13,1
DA:19,1
DA:21,0
DA:30,1
DA:31,1
DA:32,1
DA:33,1
DA:35,0
DA:44,1
DA:45,1
DA:46,1
DA:47,1
DA:48,1
DA:50,0
DA:59,1
DA:60,1
DA:61,1
DA:62,1
DA:64,0
DA:73,1
DA:74,1
DA:75,1
DA:76,1
DA:78,0
DA:82,2
LF:30
LH:25
BRF:0
BRH:0
end_of_record
TN:
SF:controllers\textChatController.js
FN:8,getChatHistory
FN:15,(anonymous_1)
FN:18,(anonymous_2)
FN:46,sendMessage
FN:65,revokeMessage
FN:96,getUserSummary
FN:102,(anonymous_6)
FN:115,getTimeSummary
FN:121,(anonymous_8)
FN:134,getUserSummaryDetail
FN:148,getTimeSummaryDetail
FN:161,searchChat
FNF:12
FNH:10
FNDA:5,getChatHistory
FNDA:7,(anonymous_1)
FNDA:6,(anonymous_2)
FNDA:3,sendMessage
FNDA:2,revokeMessage
FNDA:1,getUserSummary
FNDA:2,(anonymous_6)
FNDA:1,getTimeSummary
FNDA:1,(anonymous_8)
FNDA:0,getUserSummaryDetail
FNDA:0,getTimeSummaryDetail
FNDA:1,searchChat
DA:3,3
DA:9,5
DA:10,5
DA:11,5
DA:12,5
DA:14,5
DA:15,7
DA:18,6
DA:37,4
DA:39,1
DA:47,3
DA:48,3
DA:49,3
DA:56,3
DA:58,0
DA:66,2
DA:67,2
DA:68,2
DA:70,2
DA:71,0
DA:75,2
DA:76,2
DA:79,2
DA:81,1
DA:82,0
DA:85,2
DA:86,2
DA:88,0
DA:97,1
DA:98,1
DA:99,1
DA:101,1
DA:102,1
DA:103,2
DA:105,1
DA:107,0
DA:116,1
DA:117,1
DA:118,1
DA:120,1
DA:121,1
DA:122,1
DA:124,1
DA:126,0
DA:135,0
DA:136,0
DA:137,0
DA:138,0
DA:140,0
DA:149,0
DA:150,0
DA:151,0
DA:152,0
DA:154,0
DA:162,1
DA:163,1
DA:164,1
DA:165,1
DA:166,1
DA:168,0
DA:172,3
LF:61
LH:44
BRDA:11,0,0,5
BRDA:11,0,1,4
BRDA:12,1,0,5
BRDA:12,1,1,5
BRDA:28,2,0,6
BRDA:28,2,1,6
BRDA:29,3,0,6
BRDA:29,3,1,6
BRDA:30,4,0,6
BRDA:30,4,1,6
BRDA:51,5,0,2
BRDA:51,5,1,1
BRDA:54,6,0,3
BRDA:54,6,1,0
BRDA:70,7,0,0
BRDA:70,7,1,2
BRDA:79,8,0,1
BRDA:79,8,1,1
BRDA:79,9,0,2
BRDA:79,9,1,2
BRDA:81,10,0,0
BRDA:81,10,1,1
BRDA:81,11,0,1
BRDA:81,11,1,0
BRDA:164,12,0,1
BRDA:164,12,1,0
BRF:26
BRH:21
end_of_record
TN:
SF:controllers\timeController.js
FN:6,getCurrentTime
FN:16,getEventState
FN:27,scheduleEvent
FN:49,pauseEvent
FN:69,resumeEvent
FN:89,editEvent
FN:104,getFixedTimeData
FNF:7
FNH:0
FNDA:0,getCurrentTime
FNDA:0,getEventState
FNDA:0,scheduleEvent
FNDA:0,pauseEvent
FNDA:0,resumeEvent
FNDA:0,editEvent
FNDA:0,getFixedTimeData
DA:3,2
DA:7,0
DA:8,0
DA:9,0
DA:11,0
DA:17,0
DA:18,0
DA:19,0
DA:20,0
DA:22,0
DA:28,0
DA:29,0
DA:30,0
DA:33,0
DA:39,0
DA:44,0
DA:50,0
DA:51,0
DA:54,0
DA:59,0
DA:64,0
DA:70,0
DA:71,0
DA:74,0
DA:79,0
DA:84,0
DA:90,0
DA:91,0
DA:92,0
DA:93,0
DA:94,0
DA:95,0
DA:97,0
DA:99,0
DA:105,0
DA:106,0
DA:107,0
DA:109,0
DA:113,2
LF:39
LH:2
BRDA:94,0,0,0
BRDA:94,0,1,0
BRF:2
BRH:0
end_of_record
TN:
SF:controllers\voiceChatController.js
FN:7,handleVoiceChat
FNF:1
FNH:0
FNDA:0,handleVoiceChat
DA:2,2
DA:8,0
DA:9,0
DA:10,0
DA:11,0
DA:13,0
DA:14,0
DA:18,0
DA:19,0
DA:21,0
DA:22,0
DA:26,2
LF:12
LH:2
BRDA:13,0,0,0
BRDA:13,0,1,0
BRF:2
BRH:0
end_of_record
TN:
SF:controllers\voiceController.js
FN:11,uploadVoice
FN:35,getVoice
FN:52,getRoomVoiceMessages
FN:55,(anonymous_3)
FN:61,deleteVoice
FNF:5
FNH:0
FNDA:0,uploadVoice
FNDA:0,getVoice
FNDA:0,getRoomVoiceMessages
FNDA:0,(anonymous_3)
FNDA:0,deleteVoice
DA:1,2
DA:2,2
DA:3,2
DA:5,2
DA:6,2
DA:7,0
DA:12,0
DA:13,0
DA:17,0
DA:29,0
DA:31,0
DA:36,0
DA:37,0
DA:39,0
DA:40,0
DA:43,0
DA:44,0
DA:45,0
DA:48,0
DA:53,0
DA:54,0
DA:55,0
DA:57,0
DA:62,0
DA:63,0
DA:65,0
DA:66,0
DA:70,0
DA:72,0
DA:76,0
DA:77,0
DA:78,0
DA:82,0
DA:84,0
DA:87,2
LF:35
LH:6
BRDA:6,0,0,0
BRDA:6,0,1,2
BRDA:12,1,0,0
BRDA:12,1,1,0
BRDA:25,2,0,0
BRDA:25,2,1,0
BRDA:26,3,0,0
BRDA:26,3,1,0
BRDA:39,4,0,0
BRDA:39,4,1,0
BRDA:44,5,0,0
BRDA:44,5,1,0
BRDA:65,6,0,0
BRDA:65,6,1,0
BRDA:70,7,0,0
BRDA:70,7,1,0
BRDA:70,8,0,0
BRDA:70,8,1,0
BRDA:77,9,0,0
BRDA:77,9,1,0
BRF:20
BRH:1
end_of_record
TN:
SF:data\messages.js
FNF:0
FNH:0
DA:3,4
DA:9,4
LF:2
LH:2
BRF:0
BRH:0
end_of_record
TN:
SF:data\persistence.js
FN:23,(anonymous_0)
FN:34,readData
FN:51,writeData
FN:68,(anonymous_3)
FN:73,(anonymous_4)
FN:75,(anonymous_5)
FN:79,(anonymous_6)
FN:81,(anonymous_7)
FN:85,(anonymous_8)
FN:92,(anonymous_9)
FN:94,(anonymous_10)
FN:105,(anonymous_11)
FN:107,(anonymous_12)
FN:120,(anonymous_13)
FN:125,(anonymous_14)
FN:127,(anonymous_15)
FN:131,(anonymous_16)
FN:133,(anonymous_17)
FN:137,(anonymous_18)
FN:144,(anonymous_19)
FN:146,(anonymous_20)
FN:157,(anonymous_21)
FN:159,(anonymous_22)
FN:172,(anonymous_23)
FN:177,(anonymous_24)
FN:180,(anonymous_25)
FN:181,(anonymous_26)
FN:186,(anonymous_27)
FN:198,(anonymous_28)
FN:200,(anonymous_29)
FN:215,(anonymous_30)
FN:217,(anonymous_31)
FN:230,(anonymous_32)
FN:235,(anonymous_33)
FN:237,(anonymous_34)
FN:241,(anonymous_35)
FN:256,(anonymous_36)
FN:261,(anonymous_37)
FN:267,(anonymous_38)
FN:278,(anonymous_39)
FN:317,(anonymous_40)
FN:327,(anonymous_41)
FN:331,(anonymous_42)
FN:336,(anonymous_43)
FNF:44
FNH:7
FNDA:20,(anonymous_0)
FNDA:16,readData
FNDA:0,writeData
FNDA:4,(anonymous_3)
FNDA:0,(anonymous_4)
FNDA:0,(anonymous_5)
FNDA:0,(anonymous_6)
FNDA:0,(anonymous_7)
FNDA:0,(anonymous_8)
FNDA:0,(anonymous_9)
FNDA:0,(anonymous_10)
FNDA:0,(anonymous_11)
FNDA:0,(anonymous_12)
FNDA:4,(anonymous_13)
FNDA:0,(anonymous_14)
FNDA:0,(anonymous_15)
FNDA:0,(anonymous_16)
FNDA:0,(anonymous_17)
FNDA:0,(anonymous_18)
FNDA:0,(anonymous_19)
FNDA:0,(anonymous_20)
FNDA:0,(anonymous_21)
FNDA:0,(anonymous_22)
FNDA:4,(anonymous_23)
FNDA:0,(anonymous_24)
FNDA:0,(anonymous_25)
FNDA:0,(anonymous_26)
FNDA:0,(anonymous_27)
FNDA:0,(anonymous_28)
FNDA:0,(anonymous_29)
FNDA:0,(anonymous_30)
FNDA:0,(anonymous_31)
FNDA:4,(anonymous_32)
FNDA:0,(anonymous_33)
FNDA:0,(anonymous_34)
FNDA:0,(anonymous_35)
FNDA:0,(anonymous_36)
FNDA:0,(anonymous_37)
FNDA:0,(anonymous_38)
FNDA:4,(anonymous_39)
FNDA:0,(anonymous_40)
FNDA:0,(anonymous_41)
FNDA:0,(anonymous_42)
FNDA:0,(anonymous_43)
DA:4,4
DA:5,4
DA:8,4
DA:9,4
DA:18,4
DA:19,0
DA:23,4
DA:24,20
DA:25,0
DA:35,16
DA:36,16
DA:37,16
DA:39,0
DA:41,0
DA:52,0
DA:53,0
DA:54,0
DA:56,0
DA:57,0
DA:64,4
DA:69,4
DA:74,0
DA:75,0
DA:80,0
DA:81,0
DA:86,0
DA:87,0
DA:88,0
DA:93,0
DA:94,0
DA:96,0
DA:97,0
DA:98,0
DA:101,0
DA:106,0
DA:107,0
DA:109,0
DA:110,0
DA:113,0
DA:121,4
DA:126,0
DA:127,0
DA:132,0
DA:133,0
DA:138,0
DA:139,0
DA:140,0
DA:145,0
DA:146,0
DA:148,0
DA:149,0
DA:150,0
DA:153,0
DA:158,0
DA:159,0
DA:161,0
DA:162,0
DA:165,0
DA:173,4
DA:178,0
DA:179,0
DA:180,0
DA:181,0
DA:187,0
DA:188,0
DA:193,0
DA:194,0
DA:199,0
DA:200,0
DA:202,0
DA:203,0
DA:208,0
DA:211,0
DA:216,0
DA:217,0
DA:219,0
DA:220,0
DA:223,0
DA:231,4
DA:236,0
DA:237,0
DA:242,0
DA:243,0
DA:248,0
DA:249,0
DA:257,0
DA:262,0
DA:263,0
DA:268,0
DA:269,0
DA:273,0
DA:280,4
DA:281,4
DA:282,4
DA:283,0
DA:285,0
DA:289,4
DA:290,4
DA:291,4
DA:292,0
DA:293,0
DA:297,4
DA:298,4
DA:299,4
DA:300,0
DA:301,0
DA:305,4
DA:306,4
DA:307,0
DA:308,4
DA:309,0
DA:312,4
DA:313,4
DA:318,0
DA:319,0
DA:320,0
DA:321,0
DA:322,0
DA:323,0
DA:328,0
DA:331,0
DA:332,0
DA:336,0
DA:337,0
DA:338,0
DA:339,0
DA:342,0
DA:346,4
LF:128
LH:30
BRDA:18,0,0,0
BRDA:18,0,1,4
BRDA:24,1,0,0
BRDA:24,1,1,20
BRDA:41,2,0,0
BRDA:41,2,1,0
BRDA:88,3,0,0
BRDA:88,3,1,0
BRDA:96,4,0,0
BRDA:96,4,1,0
BRDA:98,5,0,0
BRDA:98,5,1,0
BRDA:109,6,0,0
BRDA:109,6,1,0
BRDA:140,7,0,0
BRDA:140,7,1,0
BRDA:148,8,0,0
BRDA:148,8,1,0
BRDA:150,9,0,0
BRDA:150,9,1,0
BRDA:161,10,0,0
BRDA:161,10,1,0
BRDA:177,11,0,0
BRDA:177,12,0,0
BRDA:190,13,0,0
BRDA:190,13,1,0
BRDA:191,14,0,0
BRDA:191,14,1,0
BRDA:194,15,0,0
BRDA:194,15,1,0
BRDA:202,16,0,0
BRDA:202,16,1,0
BRDA:208,17,0,0
BRDA:208,17,1,0
BRDA:219,18,0,0
BRDA:219,18,1,0
BRDA:245,19,0,0
BRDA:245,19,1,0
BRDA:246,20,0,0
BRDA:246,20,1,0
BRDA:249,21,0,0
BRDA:249,21,1,0
BRDA:263,22,0,0
BRDA:263,22,1,0
BRDA:270,23,0,0
BRDA:270,23,1,0
BRDA:273,24,0,0
BRDA:273,24,1,0
BRDA:281,25,0,4
BRDA:281,25,1,0
BRDA:283,26,0,0
BRDA:283,26,1,0
BRDA:290,27,0,4
BRDA:290,27,1,0
BRDA:292,28,0,0
BRDA:292,28,1,0
BRDA:298,29,0,4
BRDA:298,29,1,0
BRDA:300,30,0,0
BRDA:300,30,1,0
BRDA:306,31,0,0
BRDA:306,31,1,4
BRDA:308,32,0,0
BRDA:308,32,1,4
BRDA:327,33,0,0
BRF:65
BRH:7
end_of_record
TN:
SF:data\store.js
FN:87,(anonymous_0)
FN:88,(anonymous_1)
FN:91,(anonymous_2)
FN:92,(anonymous_3)
FN:95,(anonymous_4)
FN:105,(anonymous_5)
FN:106,(anonymous_6)
FN:109,(anonymous_7)
FN:110,(anonymous_8)
FN:114,(anonymous_9)
FN:115,(anonymous_10)
FN:115,(anonymous_11)
FN:118,(anonymous_12)
FN:147,(anonymous_13)
FN:148,(anonymous_14)
FN:163,(anonymous_15)
FN:164,(anonymous_16)
FN:173,(anonymous_17)
FN:175,(anonymous_18)
FN:179,(anonymous_19)
FN:193,(anonymous_20)
FN:194,(anonymous_21)
FN:197,(anonymous_22)
FN:198,(anonymous_23)
FN:210,(anonymous_24)
FN:211,(anonymous_25)
FN:220,(anonymous_26)
FN:221,(anonymous_27)
FN:224,(anonymous_28)
FN:230,(anonymous_29)
FN:234,(anonymous_30)
FN:239,(anonymous_31)
FN:240,(anonymous_32)
FN:243,(anonymous_33)
FN:244,(anonymous_34)
FN:247,(anonymous_35)
FN:252,(anonymous_36)
FN:253,(anonymous_37)
FN:262,(anonymous_38)
FN:278,(anonymous_39)
FN:296,(anonymous_40)
FN:309,(anonymous_41)
FN:330,(anonymous_42)
FN:334,(anonymous_43)
FN:345,(anonymous_44)
FN:352,(anonymous_45)
FN:356,(anonymous_46)
FN:359,(anonymous_47)
FN:363,(anonymous_48)
FN:372,(anonymous_49)
FN:376,(anonymous_50)
FN:381,(anonymous_51)
FN:388,(anonymous_52)
FN:397,(anonymous_53)
FN:406,(anonymous_54)
FN:416,(anonymous_55)
FN:431,(anonymous_56)
FN:440,(anonymous_57)
FN:450,(anonymous_58)
FN:459,(anonymous_59)
FN:460,(anonymous_60)
FN:463,(anonymous_61)
FN:468,(anonymous_62)
FN:469,(anonymous_63)
FN:478,(anonymous_64)
FN:479,(anonymous_65)
FN:482,(anonymous_66)
FN:487,(anonymous_67)
FN:488,(anonymous_68)
FN:496,(anonymous_69)
FN:497,(anonymous_70)
FN:501,(anonymous_71)
FN:516,(anonymous_72)
FN:517,(anonymous_73)
FN:532,(anonymous_74)
FN:539,(anonymous_75)
FN:554,(anonymous_76)
FN:555,(anonymous_77)
FN:567,(anonymous_78)
FN:574,(anonymous_79)
FN:586,(anonymous_80)
FN:591,(anonymous_81)
FN:592,(anonymous_82)
FNF:83
FNH:1
FNDA:0,(anonymous_0)
FNDA:0,(anonymous_1)
FNDA:0,(anonymous_2)
FNDA:0,(anonymous_3)
FNDA:0,(anonymous_4)
FNDA:0,(anonymous_5)
FNDA:0,(anonymous_6)
FNDA:0,(anonymous_7)
FNDA:0,(anonymous_8)
FNDA:0,(anonymous_9)
FNDA:0,(anonymous_10)
FNDA:0,(anonymous_11)
FNDA:0,(anonymous_12)
FNDA:0,(anonymous_13)
FNDA:0,(anonymous_14)
FNDA:0,(anonymous_15)
FNDA:0,(anonymous_16)
FNDA:0,(anonymous_17)
FNDA:0,(anonymous_18)
FNDA:0,(anonymous_19)
FNDA:0,(anonymous_20)
FNDA:0,(anonymous_21)
FNDA:0,(anonymous_22)
FNDA:0,(anonymous_23)
FNDA:0,(anonymous_24)
FNDA:0,(anonymous_25)
FNDA:0,(anonymous_26)
FNDA:0,(anonymous_27)
FNDA:0,(anonymous_28)
FNDA:0,(anonymous_29)
FNDA:0,(anonymous_30)
FNDA:0,(anonymous_31)
FNDA:0,(anonymous_32)
FNDA:0,(anonymous_33)
FNDA:0,(anonymous_34)
FNDA:0,(anonymous_35)
FNDA:0,(anonymous_36)
FNDA:0,(anonymous_37)
FNDA:0,(anonymous_38)
FNDA:0,(anonymous_39)
FNDA:0,(anonymous_40)
FNDA:0,(anonymous_41)
FNDA:0,(anonymous_42)
FNDA:0,(anonymous_43)
FNDA:0,(anonymous_44)
FNDA:0,(anonymous_45)
FNDA:0,(anonymous_46)
FNDA:0,(anonymous_47)
FNDA:0,(anonymous_48)
FNDA:0,(anonymous_49)
FNDA:4,(anonymous_50)
FNDA:0,(anonymous_51)
FNDA:0,(anonymous_52)
FNDA:0,(anonymous_53)
FNDA:0,(anonymous_54)
FNDA:0,(anonymous_55)
FNDA:0,(anonymous_56)
FNDA:0,(anonymous_57)
FNDA:0,(anonymous_58)
FNDA:0,(anonymous_59)
FNDA:0,(anonymous_60)
FNDA:0,(anonymous_61)
FNDA:0,(anonymous_62)
FNDA:0,(anonymous_63)
FNDA:0,(anonymous_64)
FNDA:0,(anonymous_65)
FNDA:0,(anonymous_66)
FNDA:0,(anonymous_67)
FNDA:0,(anonymous_68)
FNDA:0,(anonymous_69)
FNDA:0,(anonymous_70)
FNDA:0,(anonymous_71)
FNDA:0,(anonymous_72)
FNDA:0,(anonymous_73)
FNDA:0,(anonymous_74)
FNDA:0,(anonymous_75)
FNDA:0,(anonymous_76)
FNDA:0,(anonymous_77)
FNDA:0,(anonymous_78)
FNDA:0,(anonymous_79)
FNDA:0,(anonymous_80)
FNDA:0,(anonymous_81)
FNDA:0,(anonymous_82)
DA:2,4
DA:5,4
DA:8,4
DA:87,4
DA:88,0
DA:91,4
DA:92,0
DA:95,4
DA:96,0
DA:100,0
DA:101,0
DA:105,4
DA:106,0
DA:109,4
DA:110,0
DA:114,4
DA:115,0
DA:118,4
DA:120,0
DA:121,0
DA:143,0
DA:144,0
DA:147,4
DA:148,0
DA:149,0
DA:151,0
DA:152,0
DA:158,0
DA:160,0
DA:163,4
DA:164,0
DA:165,0
DA:166,0
DA:167,0
DA:169,0
DA:173,4
DA:174,0
DA:175,0
DA:179,4
DA:181,0
DA:182,0
DA:185,0
DA:186,0
DA:187,0
DA:190,0
DA:193,4
DA:194,0
DA:197,4
DA:198,0
DA:199,0
DA:200,0
DA:205,0
DA:207,0
DA:210,4
DA:211,0
DA:212,0
DA:213,0
DA:214,0
DA:216,0
DA:220,4
DA:221,0
DA:224,4
DA:225,0
DA:226,0
DA:230,4
DA:231,0
DA:234,4
DA:235,0
DA:239,4
DA:240,0
DA:243,4
DA:244,0
DA:247,4
DA:248,0
DA:249,0
DA:252,4
DA:253,0
DA:254,0
DA:255,0
DA:256,0
DA:258,0
DA:262,4
DA:263,0
DA:264,0
DA:266,0
DA:267,0
DA:275,0
DA:278,4
DA:279,0
DA:280,0
DA:282,0
DA:283,0
DA:284,0
DA:286,0
DA:293,0
DA:296,4
DA:297,0
DA:298,0
DA:300,0
DA:306,0
DA:309,4
DA:310,0
DA:311,0
DA:313,0
DA:314,0
DA:316,0
DA:317,0
DA:318,0
DA:321,0
DA:330,4
DA:331,0
DA:332,0
DA:334,0
DA:342,0
DA:345,4
DA:346,0
DA:347,0
DA:349,0
DA:352,4
DA:353,0
DA:354,0
DA:356,0
DA:359,4
DA:360,0
DA:361,0
DA:363,0
DA:364,0
DA:366,0
DA:368,0
DA:372,4
DA:373,0
DA:376,4
DA:377,4
DA:381,4
DA:382,0
DA:383,0
DA:387,4
DA:388,4
DA:389,0
DA:390,0
DA:391,0
DA:393,0
DA:396,4
DA:397,4
DA:398,0
DA:399,0
DA:400,0
DA:402,0
DA:405,4
DA:406,4
DA:407,0
DA:408,0
DA:409,0
DA:411,0
DA:415,4
DA:416,4
DA:418,0
DA:419,0
DA:422,0
DA:423,0
DA:424,0
DA:427,0
DA:430,4
DA:431,4
DA:432,0
DA:433,0
DA:434,0
DA:436,0
DA:439,4
DA:440,4
DA:441,0
DA:442,0
DA:443,0
DA:445,0
DA:449,4
DA:450,4
DA:451,0
DA:452,0
DA:453,0
DA:455,0
DA:459,4
DA:460,0
DA:463,4
DA:464,0
DA:465,0
DA:468,4
DA:469,0
DA:470,0
DA:471,0
DA:472,0
DA:474,0
DA:478,4
DA:479,0
DA:482,4
DA:483,0
DA:484,0
DA:487,4
DA:488,0
DA:489,0
DA:490,0
DA:491,0
DA:493,0
DA:496,4
DA:497,0
DA:501,4
DA:502,0
DA:509,0
DA:510,0
DA:513,0
DA:516,4
DA:517,0
DA:519,0
DA:522,0
DA:525,0
DA:526,0
DA:528,0
DA:532,0
DA:535,0
DA:539,4
DA:540,0
DA:547,0
DA:548,0
DA:551,0
DA:554,4
DA:555,0
DA:557,0
DA:560,0
DA:561,0
DA:563,0
DA:567,0
DA:570,0
DA:574,4
DA:575,0
DA:576,0
DA:579,0
DA:580,0
DA:583,0
DA:586,4
DA:587,0
DA:591,4
DA:592,0
DA:596,4
DA:598,4
LF:243
LH:67
BRDA:126,0,0,0
BRDA:126,0,1,0
BRDA:149,1,0,0
BRDA:149,1,1,0
BRDA:155,2,0,0
BRDA:155,2,1,0
BRDA:165,3,0,0
BRDA:165,3,1,0
BRDA:173,4,0,0
BRDA:173,5,0,0
BRDA:181,6,0,0
BRDA:181,6,1,0
BRDA:181,7,0,0
BRDA:181,7,1,0
BRDA:186,8,0,0
BRDA:186,8,1,0
BRDA:199,9,0,0
BRDA:199,9,1,0
BRDA:212,10,0,0
BRDA:212,10,1,0
BRDA:253,11,0,0
BRDA:253,11,1,0
BRDA:254,12,0,0
BRDA:254,12,1,0
BRDA:264,13,0,0
BRDA:264,13,1,0
BRDA:280,14,0,0
BRDA:280,14,1,0
BRDA:280,15,0,0
BRDA:280,15,1,0
BRDA:298,16,0,0
BRDA:298,16,1,0
BRDA:298,17,0,0
BRDA:298,17,1,0
BRDA:311,18,0,0
BRDA:311,18,1,0
BRDA:311,19,0,0
BRDA:311,19,1,0
BRDA:316,20,0,0
BRDA:316,20,1,0
BRDA:332,21,0,0
BRDA:332,21,1,0
BRDA:335,22,0,0
BRDA:335,22,1,0
BRDA:338,23,0,0
BRDA:338,23,1,0
BRDA:347,24,0,0
BRDA:347,24,1,0
BRDA:349,25,0,0
BRDA:349,25,1,0
BRDA:354,26,0,0
BRDA:354,26,1,0
BRDA:354,27,0,0
BRDA:354,27,1,0
BRDA:361,28,0,0
BRDA:361,28,1,0
BRDA:361,29,0,0
BRDA:361,29,1,0
BRDA:364,30,0,0
BRDA:364,30,1,0
BRDA:381,31,0,0
BRDA:390,32,0,0
BRDA:390,32,1,0
BRDA:399,33,0,0
BRDA:399,33,1,0
BRDA:408,34,0,0
BRDA:408,34,1,0
BRDA:418,35,0,0
BRDA:418,35,1,0
BRDA:418,36,0,0
BRDA:418,36,1,0
BRDA:423,37,0,0
BRDA:423,37,1,0
BRDA:433,38,0,0
BRDA:433,38,1,0
BRDA:442,39,0,0
BRDA:442,39,1,0
BRDA:452,40,0,0
BRDA:452,40,1,0
BRDA:470,41,0,0
BRDA:470,41,1,0
BRDA:489,42,0,0
BRDA:489,42,1,0
BRDA:505,43,0,0
BRDA:505,43,1,0
BRDA:509,44,0,0
BRDA:509,44,1,0
BRDA:516,45,0,0
BRDA:519,46,0,0
BRDA:519,46,1,0
BRDA:519,47,0,0
BRDA:519,47,1,0
BRDA:522,48,0,0
BRDA:522,48,1,0
BRDA:522,49,0,0
BRDA:522,49,1,0
BRDA:525,50,0,0
BRDA:525,50,1,0
BRDA:525,51,0,0
BRDA:525,51,1,0
BRDA:526,52,0,0
BRDA:526,52,1,0
BRDA:526,53,0,0
BRDA:526,53,1,0
BRDA:543,54,0,0
BRDA:543,54,1,0
BRDA:547,55,0,0
BRDA:547,55,1,0
BRDA:554,56,0,0
BRDA:557,57,0,0
BRDA:557,57,1,0
BRDA:557,58,0,0
BRDA:557,58,1,0
BRDA:560,59,0,0
BRDA:560,59,1,0
BRDA:560,60,0,0
BRDA:560,60,1,0
BRDA:561,61,0,0
BRDA:561,61,1,0
BRDA:561,62,0,0
BRDA:561,62,1,0
BRDA:574,63,0,0
BRDA:575,64,0,0
BRDA:575,64,1,0
BRDA:579,65,0,0
BRDA:579,65,1,0
BRDA:587,66,0,0
BRDA:587,66,1,0
BRF:128
BRH:0
end_of_record
TN:
SF:data\timeData.js
FNF:0
FNH:0
DA:17,3
DA:19,3
DA:22,3
LF:3
LH:3
BRF:0
BRH:0
end_of_record
TN:
SF:middleware\auth.js
FN:9,(anonymous_0)
FN:22,(anonymous_1)
FN:60,(anonymous_2)
FN:61,(anonymous_3)
FN:80,(anonymous_4)
FN:96,(anonymous_5)
FN:104,(anonymous_6)
FNF:7
FNH:3
FNDA:0,(anonymous_0)
FNDA:14,(anonymous_1)
FNDA:16,(anonymous_2)
FNDA:3,(anonymous_3)
FNDA:0,(anonymous_4)
FNDA:0,(anonymous_5)
FNDA:0,(anonymous_6)
DA:2,2
DA:3,2
DA:4,2
DA:6,2
DA:9,2
DA:10,0
DA:22,2
DA:23,14
DA:26,14
DA:27,14
DA:32,14
DA:35,0
DA:36,0
DA:39,0
DA:40,0
DA:41,0
DA:43,0
DA:44,0
DA:47,0
DA:52,0
DA:54,0
DA:55,0
DA:60,2
DA:61,16
DA:62,3
DA:63,0
DA:67,3
DA:68,3
DA:71,0
DA:72,0
DA:75,0
DA:80,2
DA:81,0
DA:82,0
DA:84,0
DA:85,0
DA:88,0
DA:89,0
DA:92,0
DA:96,2
DA:97,0
DA:98,0
DA:100,0
DA:101,0
DA:104,0
DA:105,0
DA:108,0
DA:111,2
LF:48
LH:18
BRDA:6,0,0,2
BRDA:6,0,1,2
BRDA:26,1,0,14
BRDA:26,1,1,0
BRDA:30,2,0,14
BRDA:30,2,1,11
BRDA:35,3,0,0
BRDA:35,3,1,0
BRDA:43,4,0,0
BRDA:43,4,1,0
BRDA:62,5,0,0
BRDA:62,5,1,3
BRDA:67,6,0,3
BRDA:67,6,1,0
BRDA:67,7,0,3
BRDA:67,7,1,3
BRDA:71,8,0,0
BRDA:71,8,1,0
BRDA:84,9,0,0
BRDA:84,9,1,0
BRDA:88,10,0,0
BRDA:88,10,1,0
BRDA:88,11,0,0
BRDA:88,11,1,0
BRDA:100,12,0,0
BRDA:100,12,1,0
BRDA:104,13,0,0
BRDA:104,13,1,0
BRF:28
BRH:9
end_of_record
TN:
SF:middleware\roleMiddleware.js
FN:7,requireRoles
FN:8,(anonymous_1)
FNF:2
FNH:1
FNDA:18,requireRoles
FNDA:0,(anonymous_1)
DA:8,18
DA:9,0
DA:10,0
DA:12,0
DA:13,0
DA:14,0
DA:16,0
DA:20,2
LF:8
LH:2
BRDA:9,0,0,0
BRDA:9,0,1,0
BRDA:13,1,0,0
BRDA:13,1,1,0
BRF:4
BRH:0
end_of_record
TN:
SF:middleware\upload.js
FN:16,(anonymous_0)
FN:19,(anonymous_1)
FN:28,fileFilter
FNF:3
FNH:0
FNDA:0,(anonymous_0)
FNDA:0,(anonymous_1)
FNDA:0,fileFilter
DA:4,2
DA:5,2
DA:6,2
DA:9,2
DA:10,2
DA:11,0
DA:15,2
DA:17,0
DA:21,0
DA:22,0
DA:23,0
DA:29,0
DA:30,0
DA:32,0
DA:37,2
DA:43,2
LF:16
LH:8
BRDA:10,0,0,0
BRDA:10,0,1,2
BRDA:29,1,0,0
BRDA:29,1,1,0
BRF:4
BRH:1
end_of_record
TN:
SF:routes\adminRoutes.js
FNF:0
FNH:0
DA:1,2
DA:2,2
DA:14,2
DA:15,2
DA:18,2
DA:21,2
DA:24,2
DA:25,2
DA:26,2
DA:29,2
DA:30,2
DA:31,2
DA:34,2
DA:37,2
DA:38,2
DA:40,2
LF:16
LH:16
BRF:0
BRH:0
end_of_record
TN:
SF:routes\authRoutes.js
FNF:0
FNH:0
DA:2,2
DA:3,2
DA:4,2
DA:7,2
DA:10,2
DA:13,2
DA:16,2
DA:18,2
LF:8
LH:8
BRF:0
BRH:0
end_of_record
TN:
SF:routes\emojiRoutes.js
FNF:0
FNH:0
DA:1,2
DA:2,2
DA:3,2
DA:4,2
DA:7,2
DA:10,2
DA:13,2
DA:15,2
LF:8
LH:8
BRF:0
BRH:0
end_of_record
TN:
SF:routes\imageRoutes.js
FN:12,(anonymous_0)
FN:15,(anonymous_1)
FN:21,(anonymous_2)
FNF:3
FNH:0
FNDA:0,(anonymous_0)
FNDA:0,(anonymous_1)
FNDA:0,(anonymous_2)
DA:3,2
DA:4,2
DA:5,2
DA:6,2
DA:7,2
DA:8,2
DA:10,2
DA:11,2
DA:13,0
DA:16,0
DA:17,0
DA:18,0
DA:21,2
DA:22,0
DA:23,0
DA:25,0
DA:28,2
DA:30,2
DA:31,2
DA:32,2
DA:34,2
LF:21
LH:14
BRDA:22,0,0,0
BRDA:22,0,1,0
BRF:2
BRH:0
end_of_record
TN:
SF:routes\index.js
FNF:0
FNH:0
DA:1,2
DA:2,2
DA:3,2
DA:4,2
DA:5,2
DA:8,2
DA:9,2
DA:10,2
DA:11,2
DA:14,2
DA:15,2
DA:16,2
DA:19,2
DA:20,2
DA:21,2
DA:22,2
DA:23,2
DA:26,2
DA:27,2
DA:28,2
DA:29,2
DA:30,2
DA:33,2
DA:39,2
DA:45,2
DA:51,2
DA:56,2
DA:62,2
DA:67,2
DA:72,2
DA:77,2
DA:83,2
DA:90,2
LF:33
LH:33
BRF:0
BRH:0
end_of_record
TN:
SF:routes\messageRoutes.js
FNF:0
FNH:0
DA:1,2
DA:2,2
DA:10,2
DA:11,2
DA:14,2
DA:17,2
DA:20,2
DA:23,2
DA:26,2
DA:29,2
DA:31,2
LF:11
LH:11
BRF:0
BRH:0
end_of_record
TN:
SF:routes\roomRoutes.js
FNF:0
FNH:0
DA:2,2
DA:3,2
DA:4,2
DA:5,2
DA:30,2
DA:33,2
DA:36,2
DA:39,2
DA:46,2
DA:52,2
DA:58,2
DA:64,2
DA:70,2
DA:76,2
DA:82,2
DA:88,2
DA:94,2
DA:100,2
DA:106,2
DA:112,2
DA:119,2
DA:124,2
DA:129,2
DA:134,2
DA:140,2
DA:146,2
DA:152,2
DA:158,2
DA:163,2
LF:29
LH:29
BRF:0
BRH:0
end_of_record
TN:
SF:routes\voiceRoutes.js
FN:10,(anonymous_0)
FN:13,(anonymous_1)
FN:20,(anonymous_2)
FNF:3
FNH:0
FNDA:0,(anonymous_0)
FNDA:0,(anonymous_1)
FNDA:0,(anonymous_2)
DA:1,2
DA:2,2
DA:3,2
DA:4,2
DA:5,2
DA:6,2
DA:8,2
DA:9,2
DA:11,0
DA:14,0
DA:15,0
DA:16,0
DA:20,2
DA:22,0
DA:28,0
DA:30,0
DA:34,2
DA:43,2
DA:46,2
DA:49,2
DA:52,2
DA:54,2
LF:22
LH:15
BRDA:22,0,0,0
BRDA:22,0,1,0
BRDA:22,1,0,0
BRDA:22,1,1,0
BRDA:22,1,2,0
BRDA:22,1,3,0
BRDA:22,1,4,0
BRDA:22,1,5,0
BRF:8
BRH:0
end_of_record
TN:
SF:services\audioService.js
FN:5,saveRecording
FN:22,controlRecording
FN:46,getRecordings
FN:51,getRecordingById
FN:56,deleteRecording
FNF:5
FNH:0
FNDA:0,saveRecording
FNDA:0,controlRecording
FNDA:0,getRecordings
FNDA:0,getRecordingById
FNDA:0,deleteRecording
DA:2,2
DA:6,0
DA:18,0
DA:23,0
DA:24,0
DA:25,0
DA:28,0
DA:30,0
DA:31,0
DA:33,0
DA:34,0
DA:36,0
DA:37,0
DA:39,0
DA:42,0
DA:47,0
DA:52,0
DA:57,0
DA:60,2
LF:19
LH:2
BRDA:24,0,0,0
BRDA:24,0,1,0
BRDA:28,1,0,0
BRDA:28,1,1,0
BRDA:28,1,2,0
BRDA:28,1,3,0
BRF:6
BRH:0
end_of_record
TN:
SF:services\mysqlService.js
FN:2,getPool
FN:18,init
FNF:2
FNH:0
FNDA:0,getPool
FNDA:0,init
DA:3,0
DA:4,0
DA:5,0
DA:15,0
DA:19,0
DA:20,0
DA:28,2
LF:7
LH:1
BRDA:3,0,0,0
BRDA:3,0,1,0
BRDA:6,1,0,0
BRDA:6,1,1,0
BRDA:7,2,0,0
BRDA:7,2,1,0
BRDA:8,3,0,0
BRDA:8,3,1,0
BRDA:9,4,0,0
BRDA:9,4,1,0
BRF:10
BRH:0
end_of_record
TN:
SF:services\scoreService.js
FN:9,clearRoomScores
FN:17,addScore
FN:32,getAggregatedScores
FN:35,(anonymous_3)
FN:40,(anonymous_4)
FN:47,getUserScoreHistory
FN:48,(anonymous_6)
FN:52,getRanking
FN:54,(anonymous_8)
FN:58,computeAIScore
FN:60,(anonymous_10)
FNF:11
FNH:10
FNDA:5,clearRoomScores
FNDA:1,addScore
FNDA:3,getAggregatedScores
FNDA:3,(anonymous_3)
FNDA:3,(anonymous_4)
FNDA:1,getUserScoreHistory
FNDA:1,(anonymous_6)
FNDA:1,getRanking
FNDA:0,(anonymous_8)
FNDA:1,computeAIScore
FNDA:1,(anonymous_10)
DA:2,2
DA:5,2
DA:6,2
DA:10,5
DA:11,1
DA:12,1
DA:18,1
DA:19,1
DA:27,1
DA:28,1
DA:33,3
DA:34,3
DA:35,3
DA:36,3
DA:37,3
DA:38,3
DA:40,3
DA:48,1
DA:53,1
DA:54,1
DA:59,1
DA:60,1
DA:61,1
DA:62,1
DA:65,2
LF:25
LH:25
BRDA:10,0,0,1
BRDA:10,0,1,4
BRDA:18,1,0,0
BRDA:18,1,1,1
BRDA:33,2,0,3
BRDA:33,2,1,0
BRDA:36,3,0,3
BRDA:36,3,1,0
BRDA:48,4,0,1
BRDA:48,4,1,0
BRDA:61,5,0,1
BRDA:61,5,1,0
BRF:12
BRH:7
end_of_record
TN:
SF:services\textChatService.js
FN:12,clearRoomMessages
FN:23,getHistory
FN:24,(anonymous_2)
FN:26,(anonymous_3)
FN:36,(anonymous_4)
FN:42,saveMessage
FN:61,revokeMessage
FN:62,(anonymous_7)
FN:69,getMessageById
FN:70,(anonymous_9)
FN:74,getUserSummary
FN:75,(anonymous_11)
FN:78,(anonymous_12)
FN:90,getTimeSummary
FN:91,(anonymous_14)
FN:93,(anonymous_15)
FN:105,searchMessages
FN:107,(anonymous_17)
FNF:18
FNH:18
FNDA:8,clearRoomMessages
FNDA:6,getHistory
FNDA:16,(anonymous_2)
FNDA:2,(anonymous_3)
FNDA:5,(anonymous_4)
FNDA:3,saveMessage
FNDA:2,revokeMessage
FNDA:7,(anonymous_7)
FNDA:1,getMessageById
FNDA:6,(anonymous_9)
FNDA:1,getUserSummary
FNDA:5,(anonymous_11)
FNDA:2,(anonymous_12)
FNDA:1,getTimeSummary
FNDA:5,(anonymous_14)
FNDA:2,(anonymous_15)
FNDA:1,searchMessages
FNDA:5,(anonymous_17)
DA:2,4
DA:3,4
DA:4,4
DA:7,4
DA:8,4
DA:11,4
DA:13,8
DA:15,1
DA:16,3
DA:18,1
DA:24,16
DA:25,6
DA:26,2
DA:27,2
DA:36,5
DA:38,6
DA:43,3
DA:55,3
DA:57,3
DA:62,7
DA:63,2
DA:64,2
DA:65,2
DA:70,6
DA:75,5
DA:77,1
DA:78,1
DA:79,2
DA:80,2
DA:82,2
DA:83,2
DA:86,1
DA:91,5
DA:92,1
DA:93,1
DA:94,2
DA:95,2
DA:96,1
DA:98,2
DA:99,2
DA:101,1
DA:106,1
DA:107,5
DA:111,4
LF:44
LH:44
BRDA:13,0,0,1
BRDA:13,0,1,7
BRDA:16,1,0,0
BRDA:16,1,1,3
BRDA:23,2,0,0
BRDA:23,3,0,0
BRDA:25,4,0,2
BRDA:25,4,1,4
BRDA:28,5,0,2
BRDA:28,5,1,0
BRDA:47,6,0,3
BRDA:47,6,1,1
BRDA:48,7,0,3
BRDA:48,7,1,0
BRDA:49,8,0,3
BRDA:49,8,1,0
BRDA:63,9,0,0
BRDA:63,9,1,2
BRDA:75,10,0,5
BRDA:75,10,1,2
BRDA:79,11,0,2
BRDA:79,11,1,0
BRDA:91,12,0,5
BRDA:91,12,1,2
BRDA:95,13,0,1
BRDA:95,13,1,1
BRDA:107,14,0,5
BRDA:107,14,1,2
BRDA:107,14,2,2
BRF:29
BRH:21
end_of_record
TN:
SF:services\timeService.js
FN:6,scheduleEvent
FN:18,(anonymous_1)
FN:33,pauseEvent
FN:39,resumeEvent
FN:46,getFixedTimeData
FN:51,editEvent
FN:61,getEventState
FN:75,getNow
FNF:8
FNH:4
FNDA:2,scheduleEvent
FNDA:0,(anonymous_1)
FNDA:1,pauseEvent
FNDA:1,resumeEvent
FNDA:1,getFixedTimeData
FNDA:0,editEvent
FNDA:0,getEventState
FNDA:0,getNow
DA:3,3
DA:4,3
DA:8,2
DA:12,2
DA:18,2
DA:19,0
DA:20,0
DA:21,0
DA:22,0
DA:23,0
DA:24,0
DA:29,2
DA:30,2
DA:34,1
DA:35,1
DA:36,1
DA:40,1
DA:41,1
DA:42,1
DA:45,3
DA:47,1
DA:52,0
DA:53,0
DA:54,0
DA:56,0
DA:57,0
DA:62,0
DA:63,0
DA:64,0
DA:66,0
DA:67,0
DA:76,0
DA:79,3
LF:33
LH:16
BRDA:10,0,0,1
BRDA:10,0,1,1
BRDA:19,1,0,0
BRDA:19,1,1,0
BRDA:19,2,0,0
BRDA:19,2,1,0
BRDA:21,3,0,0
BRDA:21,3,1,0
BRDA:23,4,0,0
BRDA:23,4,1,0
BRDA:34,5,0,0
BRDA:34,5,1,1
BRDA:40,6,0,0
BRDA:40,6,1,1
BRDA:53,7,0,0
BRDA:53,7,1,0
BRDA:53,8,0,0
BRDA:53,8,1,0
BRDA:63,9,0,0
BRDA:63,9,1,0
BRDA:63,10,0,0
BRDA:63,10,1,0
BRDA:69,11,0,0
BRDA:69,11,1,0
BRDA:70,12,0,0
BRDA:70,12,1,0
BRF:26
BRH:4
end_of_record
TN:
SF:services\userService.js
FN:6,findByUsername
FN:20,findById
FN:34,addUser
FNF:3
FNH:0
FNDA:0,findByUsername
FNDA:0,findById
FNDA:0,addUser
DA:1,2
DA:2,2
DA:4,2
DA:7,0
DA:9,0
DA:10,0
DA:17,0
DA:21,0
DA:22,0
DA:24,0
DA:31,0
DA:35,0
DA:36,0
DA:41,0
DA:43,0
DA:46,2
LF:16
LH:4
BRDA:7,0,0,0
BRDA:7,0,1,0
BRDA:10,1,0,0
BRDA:10,1,1,0
BRDA:21,2,0,0
BRDA:21,2,1,0
BRDA:24,3,0,0
BRDA:24,3,1,0
BRDA:35,4,0,0
BRDA:35,4,1,0
BRF:10
BRH:0
end_of_record
TN:
SF:services\voiceChatService.js
FN:13,processVoiceChat
FNF:1
FNH:0
FNDA:0,processVoiceChat
DA:15,0
DA:18,0
DA:21,0
DA:24,2
LF:4
LH:1
BRF:0
BRH:0
end_of_record
