TN:
SF:app.js
FN:14,(anonymous_0)
FN:15,(anonymous_1)
FN:21,(anonymous_2)
FNF:3
FNH:1
FNDA:0,(anonymous_0)
FNDA:0,(anonymous_1)
FNDA:2,(anonymous_2)
DA:2,2
DA:3,2
DA:4,2
DA:5,2
DA:7,2
DA:9,2
DA:10,2
DA:11,2
DA:14,2
DA:15,2
DA:16,0
DA:17,0
DA:20,2
DA:21,2
DA:22,2
DA:25,2
LF:16
LH:14
BRDA:20,0,0,2
BRDA:20,0,1,2
BRF:2
BRH:2
end_of_record
TN:
SF:controllers\scoreController.js
FN:7,submitScore
FN:28,getAggregatedScores
FN:41,getUserScoreHistory
FN:55,getRanking
FN:68,computeAIScore
FNF:5
FNH:5
FNDA:1,submitScore
FNDA:1,getAggregatedScores
FNDA:1,getUserScoreHistory
FNDA:1,getRanking
FNDA:1,computeAIScore
DA:2,2
DA:8,1
DA:9,1
DA:10,1
DA:11,1
DA:12,1
DA:19,1
DA:21,0
DA:29,1
DA:30,1
DA:31,1
DA:32,1
DA:34,0
DA:42,1
DA:43,1
DA:44,1
DA:45,1
DA:46,1
DA:48,0
DA:56,1
DA:57,1
DA:58,1
DA:59,1
DA:61,0
DA:69,1
DA:70,1
DA:71,1
DA:72,1
DA:74,0
DA:78,2
LF:30
LH:25
BRF:0
BRH:0
end_of_record
TN:
SF:controllers\textChatController.js
FN:8,getChatHistory
FN:15,(anonymous_1)
FN:25,sendMessage
FN:38,revokeMessage
FN:51,getUserSummary
FN:64,getTimeSummary
FN:77,searchChat
FNF:7
FNH:7
FNDA:5,getChatHistory
FNDA:7,(anonymous_1)
FNDA:3,sendMessage
FNDA:2,revokeMessage
FNDA:1,getUserSummary
FNDA:1,getTimeSummary
FNDA:1,searchChat
DA:3,3
DA:9,5
DA:10,5
DA:11,5
DA:12,5
DA:14,5
DA:15,7
DA:16,4
DA:18,1
DA:26,3
DA:27,3
DA:28,3
DA:29,3
DA:31,0
DA:39,2
DA:40,2
DA:41,2
DA:42,2
DA:44,0
DA:52,1
DA:53,1
DA:54,1
DA:55,1
DA:57,0
DA:65,1
DA:66,1
DA:67,1
DA:68,1
DA:70,0
DA:78,1
DA:79,1
DA:80,1
DA:81,1
DA:82,1
DA:84,0
DA:88,3
LF:36
LH:31
BRDA:11,0,0,5
BRDA:11,0,1,4
BRDA:12,1,0,5
BRDA:12,1,1,5
BRDA:80,2,0,1
BRDA:80,2,1,0
BRF:6
BRH:5
end_of_record
TN:
SF:data\messages.js
FNF:0
FNH:0
DA:3,4
DA:9,4
LF:2
LH:2
BRF:0
BRH:0
end_of_record
TN:
SF:data\timeData.js
FNF:0
FNH:0
DA:17,3
DA:19,3
DA:22,3
LF:3
LH:3
BRF:0
BRH:0
end_of_record
TN:
SF:middleware\auth.js
FN:1,checkRole
FN:2,(anonymous_1)
FNF:2
FNH:2
FNDA:4,checkRole
FNDA:2,(anonymous_1)
DA:2,4
DA:3,2
DA:4,2
DA:5,0
DA:7,2
DA:11,2
LF:6
LH:5
BRDA:4,0,0,0
BRDA:4,0,1,2
BRDA:4,1,0,2
BRDA:4,1,1,2
BRF:4
BRH:3
end_of_record
TN:
SF:routes\index.js
FN:27,(anonymous_0)
FN:29,(anonymous_1)
FN:32,(anonymous_2)
FN:36,(anonymous_3)
FN:40,(anonymous_4)
FNF:5
FNH:0
FNDA:0,(anonymous_0)
FNDA:0,(anonymous_1)
FNDA:0,(anonymous_2)
FNDA:0,(anonymous_3)
FNDA:0,(anonymous_4)
DA:1,2
DA:2,2
DA:3,2
DA:6,2
DA:7,2
DA:8,2
DA:11,2
DA:12,2
DA:13,2
DA:15,2
DA:16,2
DA:17,2
DA:20,2
DA:21,2
DA:22,2
DA:23,2
DA:24,2
DA:27,2
DA:28,0
DA:29,0
DA:30,0
DA:32,2
DA:33,0
DA:34,0
DA:36,2
DA:37,0
DA:38,0
DA:40,2
DA:41,0
DA:44,2
LF:30
LH:22
BRF:0
BRH:0
end_of_record
TN:
SF:services\scoreService.js
FN:9,clearRoomScores
FN:17,addScore
FN:32,getAggregatedScores
FN:35,(anonymous_3)
FN:40,(anonymous_4)
FN:47,getUserScoreHistory
FN:48,(anonymous_6)
FN:52,getRanking
FN:54,(anonymous_8)
FN:58,computeAIScore
FN:60,(anonymous_10)
FNF:11
FNH:10
FNDA:5,clearRoomScores
FNDA:1,addScore
FNDA:3,getAggregatedScores
FNDA:3,(anonymous_3)
FNDA:3,(anonymous_4)
FNDA:1,getUserScoreHistory
FNDA:1,(anonymous_6)
FNDA:1,getRanking
FNDA:0,(anonymous_8)
FNDA:1,computeAIScore
FNDA:1,(anonymous_10)
DA:2,2
DA:5,2
DA:6,2
DA:10,5
DA:11,1
DA:12,1
DA:18,1
DA:19,1
DA:27,1
DA:28,1
DA:33,3
DA:34,3
DA:35,3
DA:36,3
DA:37,3
DA:38,3
DA:40,3
DA:48,1
DA:53,1
DA:54,1
DA:59,1
DA:60,1
DA:61,1
DA:62,1
DA:65,2
LF:25
LH:25
BRDA:10,0,0,1
BRDA:10,0,1,4
BRDA:18,1,0,0
BRDA:18,1,1,1
BRDA:33,2,0,3
BRDA:33,2,1,0
BRDA:36,3,0,3
BRDA:36,3,1,0
BRDA:48,4,0,1
BRDA:48,4,1,0
BRDA:61,5,0,1
BRDA:61,5,1,0
BRF:12
BRH:7
end_of_record
TN:
SF:services\textChatService.js
FN:11,clearRoomMessages
FN:22,getHistory
FN:23,(anonymous_2)
FN:25,(anonymous_3)
FN:35,(anonymous_4)
FN:41,saveMessage
FN:57,revokeMessage
FN:58,(anonymous_7)
FN:65,getUserSummary
FN:66,(anonymous_9)
FN:68,(anonymous_10)
FN:75,getTimeSummary
FN:76,(anonymous_12)
FN:78,(anonymous_13)
FN:86,searchMessages
FN:88,(anonymous_15)
FNF:16
FNH:16
FNDA:8,clearRoomMessages
FNDA:6,getHistory
FNDA:7,(anonymous_2)
FNDA:2,(anonymous_3)
FNDA:2,(anonymous_4)
FNDA:3,saveMessage
FNDA:2,revokeMessage
FNDA:4,(anonymous_7)
FNDA:1,getUserSummary
FNDA:2,(anonymous_9)
FNDA:2,(anonymous_10)
FNDA:1,getTimeSummary
FNDA:2,(anonymous_12)
FNDA:2,(anonymous_13)
FNDA:1,searchMessages
FNDA:2,(anonymous_15)
DA:2,4
DA:3,4
DA:6,4
DA:7,4
DA:10,4
DA:12,8
DA:14,1
DA:15,0
DA:17,1
DA:23,7
DA:24,6
DA:25,2
DA:26,2
DA:35,2
DA:37,6
DA:42,3
DA:52,3
DA:53,3
DA:58,4
DA:59,2
DA:60,2
DA:61,2
DA:66,2
DA:67,1
DA:68,1
DA:69,2
DA:71,1
DA:76,2
DA:77,1
DA:78,1
DA:79,2
DA:80,2
DA:82,1
DA:87,1
DA:88,2
DA:92,4
LF:36
LH:35
BRDA:12,0,0,1
BRDA:12,0,1,7
BRDA:15,1,0,0
BRDA:15,1,1,0
BRDA:22,2,0,0
BRDA:22,3,0,0
BRDA:24,4,0,2
BRDA:24,4,1,4
BRDA:27,5,0,2
BRDA:27,5,1,0
BRDA:59,6,0,0
BRDA:59,6,1,2
BRDA:66,7,0,2
BRDA:66,7,1,2
BRDA:69,8,0,2
BRDA:69,8,1,2
BRDA:76,9,0,2
BRDA:76,9,1,2
BRDA:80,10,0,2
BRDA:80,10,1,1
BRDA:88,11,0,2
BRDA:88,11,1,2
BRDA:88,11,2,2
BRF:23
BRH:17
end_of_record
TN:
SF:services\timeService.js
FN:6,scheduleEvent
FN:11,pauseEvent
FN:17,resumeEvent
FN:24,getFixedTimeData
FNF:4
FNH:4
FNDA:2,scheduleEvent
FNDA:1,pauseEvent
FNDA:1,resumeEvent
FNDA:1,getFixedTimeData
DA:3,3
DA:4,3
DA:7,2
DA:8,2
DA:12,1
DA:13,1
DA:14,1
DA:18,1
DA:19,1
DA:20,1
DA:23,3
DA:25,1
DA:28,3
LF:13
LH:13
BRDA:12,0,0,0
BRDA:12,0,1,1
BRDA:18,1,0,0
BRDA:18,1,1,1
BRF:4
BRH:2
end_of_record
